2021-07-26 19:46:53 INFO XMLTooling.Config : xmltooling 3.2.0 library initialization complete
2021-07-26 19:46:53 INFO OpenSAML.Config : opensaml 3.2.0 library initialization complete
2021-07-26 19:46:53 INFO Shibboleth.Config : shibboleth 3.2.2 library initialization complete
2021-07-26 19:46:53 INFO Shibboleth.Config : loaded XML resource (/etc/shibboleth/shibboleth2.xml)
2021-07-26 19:46:53 CRIT XMLTooling.Logging : error in file permissions or logging configuration: File /etc/shibboleth/syslog.logger does not exist
2021-07-26 19:46:53 CRIT Shibboleth.Config : failed to load new logging configuration from (syslog.logger)
2021-07-26 19:46:53 INFO Shibboleth.Config : Shibboleth SP Version 3.2.2
2021-07-26 19:46:53 INFO Shibboleth.Config : Library versions: log4shib 2.0.0, Xerces-C 3.2.2, XML-Security-C 2.0.2, XMLTooling-C 3.2.0, OpenSAML-C 3.2.0, Shibboleth 3.2.2
2021-07-26 19:46:53 WARN Shibboleth.Config : DEPRECATED: legacy 2.0 configuration, support will be removed from a future version of the software
2021-07-26 19:46:53 INFO Shibboleth.Config : building ListenerService of type UnixListener...
2021-07-26 19:46:53 INFO Shibboleth.Listener : using socket address: shibd.sock
2021-07-26 19:46:53 INFO Shibboleth.Config : no StorageService plugin(s) installed, using (mem) in-memory instance
2021-07-26 19:46:53 INFO Shibboleth.Config : no ReplayCache specified, using arbitrary StorageService instance
2021-07-26 19:46:53 INFO Shibboleth.Config : no ArtifactMap specified, building in-memory ArtifactMap...
2021-07-26 19:46:53 INFO Shibboleth.Config : no SessionCache specified, using StorageService-backed instance
2021-07-26 19:46:53 INFO XMLTooling.StorageService : cleanup thread started...running every 900 seconds
2021-07-26 19:46:53 INFO Shibboleth.SessionCache : bound to arbitrary StorageService
2021-07-26 19:46:53 INFO Shibboleth.SessionCache : StorageService for 'lite' use not set, using standard StorageService
2021-07-26 19:46:53 INFO Shibboleth.Config : building SecurityPolicyProvider of type XML...
2021-07-26 19:46:53 INFO Shibboleth.SecurityPolicyProvider.XML : loaded XML resource (/etc/shibboleth/security-policy.xml)
2021-07-26 19:46:53 INFO OpenSAML.SecurityPolicyRule.Conditions : building SecurityPolicyRule of type Audience
2021-07-26 19:46:53 INFO OpenSAML.SecurityPolicyRule.MessageFlow : enabling request/response correlation checking to block unsolicited responses
2021-07-26 19:46:53 INFO OpenSAML.SecurityPolicyRule.Conditions : building SecurityPolicyRule of type Audience
2021-07-26 19:46:53 INFO OpenSAML.SecurityPolicyRule.BearerConfirmation : enabling request/response correlation checking to block unsolicited responses
2021-07-26 19:46:53 INFO OpenSAML.SecurityPolicyRule.Conditions : building SecurityPolicyRule of type Audience
2021-07-26 19:46:53 INFO OpenSAML.SecurityPolicyRule.Conditions : building SecurityPolicyRule of type Ignore
2021-07-26 19:46:53 INFO OpenSAML.SecurityPolicyRule.Conditions : building SecurityPolicyRule of type Ignore
2021-07-26 19:46:53 INFO OpenSAML.SecurityPolicyRule.Conditions : building SecurityPolicyRule of type Ignore
2021-07-26 19:46:53 INFO Shibboleth.Config : automatically excluding security algorithm (http://www.w3.org/2001/04/xmldsig-more#rsa-md5)
2021-07-26 19:46:53 INFO Shibboleth.Config : automatically excluding security algorithm (http://www.w3.org/2001/04/xmldsig-more#md5)
2021-07-26 19:46:53 INFO Shibboleth.Config : automatically excluding security algorithm (http://www.w3.org/2001/04/xmlenc#rsa-1_5)
2021-07-26 19:46:53 INFO Shibboleth.Config : building ProtocolProvider of type XML...
2021-07-26 19:46:53 INFO Shibboleth.ProtocolProvider.XML : loaded XML resource (/etc/shibboleth/protocols.xml)
2021-07-26 19:46:53 INFO Shibboleth.PropertySet : DEPRECATED: legacy configuration, remapping property/set (urn:mace:shibboleth:2.0:native:sp:config) to (urn:mace:shibboleth:3.0:native:sp:config)
2021-07-26 19:46:53 INFO Shibboleth.PropertySet : DEPRECATED: legacy configuration, remapping property/set (urn:mace:shibboleth:2.0:native:sp:config) to (urn:mace:shibboleth:3.0:native:sp:config)
2021-07-26 19:46:53 WARN Shibboleth.Application : handlerSSL should be enabled for SSL/TLS-enabled web sites
2021-07-26 19:46:53 INFO Shibboleth.Application : auto-configuring SSO initiation for protocol (SAML2)
2021-07-26 19:46:53 INFO Shibboleth.Application : adding SessionInitiator of type (SAML2) to chain (/Login)
2021-07-26 19:46:53 INFO Shibboleth.Application : auto-configuring ArtifactResolution endpoints for protocol (SAML2)
2021-07-26 19:46:53 INFO Shibboleth.Application : adding ArtifactResolutionService for Binding (urn:oasis:names:tc:SAML:2.0:bindings:SOAP) at (/Artifact/SOAP)
2021-07-26 19:46:53 INFO Shibboleth.Application : auto-configuring SSO endpoints for protocol (SAML2)
2021-07-26 19:46:53 INFO Shibboleth.Application : adding AssertionConsumerService for Binding (urn:oasis:names:tc:SAML:2.0:bindings:HTTP-POST) at (/SAML2/POST)
2021-07-26 19:46:53 INFO Shibboleth.Application : adding AssertionConsumerService for Binding (urn:oasis:names:tc:SAML:2.0:bindings:HTTP-POST-SimpleSign) at (/SAML2/POST-SimpleSign)
2021-07-26 19:46:53 INFO Shibboleth.Application : adding AssertionConsumerService for Binding (urn:oasis:names:tc:SAML:2.0:bindings:HTTP-Artifact) at (/SAML2/Artifact)
2021-07-26 19:46:53 INFO Shibboleth.Application : adding AssertionConsumerService for Binding (urn:oasis:names:tc:SAML:2.0:bindings:PAOS) at (/SAML2/ECP)
2021-07-26 19:46:53 INFO Shibboleth.Application : adding SessionInitiator of type (SAMLDS) to chain (/Login)
2021-07-26 19:46:53 INFO Shibboleth.Application : auto-configuring Logout initiation for protocol (SAML2)
2021-07-26 19:46:53 INFO Shibboleth.Application : adding LogoutInitiator of type (SAML2) to chain (/Logout)
2021-07-26 19:46:53 INFO Shibboleth.Application : auto-configuring Logout endpoints for protocol (SAML2)
2021-07-26 19:46:53 INFO Shibboleth.Application : adding SingleLogoutService for Binding (urn:oasis:names:tc:SAML:2.0:bindings:SOAP) at (/SLO/SOAP)
2021-07-26 19:46:53 INFO Shibboleth.Application : adding SingleLogoutService for Binding (urn:oasis:names:tc:SAML:2.0:bindings:HTTP-Redirect) at (/SLO/Redirect)
2021-07-26 19:46:53 INFO Shibboleth.Application : adding SingleLogoutService for Binding (urn:oasis:names:tc:SAML:2.0:bindings:HTTP-POST) at (/SLO/POST)
2021-07-26 19:46:53 INFO Shibboleth.Application : adding SingleLogoutService for Binding (urn:oasis:names:tc:SAML:2.0:bindings:HTTP-Artifact) at (/SLO/Artifact)
2021-07-26 19:46:53 INFO Shibboleth.Application : auto-configuring Logout initiation for protocol (Local)
2021-07-26 19:46:53 INFO Shibboleth.Application : adding LogoutInitiator of type (Local) to chain (/Logout)
2021-07-26 19:46:53 INFO Shibboleth.Handler.DiscoveryFeed : feed files will be cached in /var/cache/shibboleth/
2021-07-26 19:46:53 INFO Shibboleth.Application : building MetadataProvider of type XML...
2021-07-26 19:46:53 INFO OpenSAML.MetadataProvider.XML : loaded XML resource (https://ds.cafeexpresso.rnp.br/metadata/ds-metadata.xml)
2021-07-26 19:46:53 INFO OpenSAML.MetadataProvider.XML : adjusted reload interval to 7200 seconds
2021-07-26 19:46:53 INFO Shibboleth.Application : no TrustEngine specified or installed in legacy config, using default chain {ExplicitKey, PKIX}
2021-07-26 19:46:53 INFO Shibboleth.Application : building AttributeExtractor of type XML...
2021-07-26 19:46:53 INFO Shibboleth.AttributeExtractor.XML : loaded XML resource (/etc/shibboleth/attribute-map.xml)
2021-07-26 19:46:53 INFO Shibboleth.AttributeExtractor.XML : creating mapping for Attribute urn:oasis:names:tc:SAML:attribute:subject-id
2021-07-26 19:46:53 INFO Shibboleth.AttributeExtractor.XML : creating mapping for Attribute urn:oasis:names:tc:SAML:attribute:pairwise-id
2021-07-26 19:46:53 INFO Shibboleth.AttributeExtractor.XML : creating mapping for Attribute urn:oid:1.3.6.1.4.1.5923.1.1.1.6
2021-07-26 19:46:53 INFO Shibboleth.AttributeExtractor.XML : creating mapping for Attribute urn:mace:dir:attribute-def:eduPersonPrincipalName
2021-07-26 19:46:53 INFO Shibboleth.AttributeExtractor.XML : creating mapping for Attribute urn:oid:1.3.6.1.4.1.5923.1.1.1.9
2021-07-26 19:46:53 INFO Shibboleth.AttributeExtractor.XML : creating mapping for Attribute urn:mace:dir:attribute-def:eduPersonScopedAffiliation
2021-07-26 19:46:53 INFO Shibboleth.AttributeExtractor.XML : creating mapping for Attribute urn:oid:1.3.6.1.4.1.5923.1.1.1.7
2021-07-26 19:46:53 INFO Shibboleth.AttributeExtractor.XML : creating mapping for Attribute urn:mace:dir:attribute-def:eduPersonEntitlement
2021-07-26 19:46:53 INFO Shibboleth.AttributeExtractor.XML : creating mapping for Attribute urn:oid:1.3.6.1.4.1.5923.1.1.1.10
2021-07-26 19:46:53 INFO Shibboleth.AttributeExtractor.XML : creating mapping for Attribute urn:oasis:names:tc:SAML:2.0:nameid-format:persistent
2021-07-26 19:46:53 INFO Shibboleth.AttributeExtractor.XML : creating mapping for Attribute urn:oid:2.5.4.3
2021-07-26 19:46:53 INFO Shibboleth.AttributeExtractor.XML : creating mapping for Attribute urn:oid:2.5.4.4
2021-07-26 19:46:53 INFO Shibboleth.AttributeExtractor.XML : creating mapping for Attribute urn:oid:2.5.4.42
2021-07-26 19:46:53 INFO Shibboleth.AttributeExtractor.XML : creating mapping for Attribute urn:oid:2.16.840.1.113730.3.1.241
2021-07-26 19:46:53 INFO Shibboleth.AttributeExtractor.XML : creating mapping for Attribute urn:oid:0.9.2342.19200300.100.1.1
2021-07-26 19:46:53 INFO Shibboleth.AttributeExtractor.XML : creating mapping for Attribute urn:oid:0.9.2342.19200300.100.1.3
2021-07-26 19:46:53 INFO Shibboleth.AttributeExtractor.XML : creating mapping for Attribute urn:oid:2.5.4.20
2021-07-26 19:46:53 INFO Shibboleth.AttributeExtractor.XML : creating mapping for Attribute urn:oid:2.5.4.12
2021-07-26 19:46:53 INFO Shibboleth.AttributeExtractor.XML : creating mapping for Attribute urn:oid:2.5.4.43
2021-07-26 19:46:53 INFO Shibboleth.AttributeExtractor.XML : creating mapping for Attribute urn:oid:2.5.4.13
2021-07-26 19:46:53 INFO Shibboleth.AttributeExtractor.XML : creating mapping for Attribute urn:oid:2.16.840.1.113730.3.1.1
2021-07-26 19:46:53 INFO Shibboleth.AttributeExtractor.XML : creating mapping for Attribute urn:oid:2.16.840.1.113730.3.1.2
2021-07-26 19:46:53 INFO Shibboleth.AttributeExtractor.XML : creating mapping for Attribute urn:oid:2.16.840.1.113730.3.1.3
2021-07-26 19:46:53 INFO Shibboleth.AttributeExtractor.XML : creating mapping for Attribute urn:oid:2.16.840.1.113730.3.1.4
2021-07-26 19:46:53 INFO Shibboleth.AttributeExtractor.XML : creating mapping for Attribute urn:oid:2.16.840.1.113730.3.1.39
2021-07-26 19:46:53 INFO Shibboleth.AttributeExtractor.XML : creating mapping for Attribute urn:oid:0.9.2342.19200300.100.1.10
2021-07-26 19:46:53 INFO Shibboleth.AttributeExtractor.XML : creating mapping for Attribute urn:oid:2.5.4.34
2021-07-26 19:46:53 INFO Shibboleth.AttributeExtractor.XML : creating mapping for Attribute urn:oid:2.5.4.23
2021-07-26 19:46:53 INFO Shibboleth.AttributeExtractor.XML : creating mapping for Attribute urn:oid:2.5.4.9
2021-07-26 19:46:53 INFO Shibboleth.AttributeExtractor.XML : creating mapping for Attribute urn:oid:2.5.4.18
2021-07-26 19:46:53 INFO Shibboleth.AttributeExtractor.XML : creating mapping for Attribute urn:oid:2.5.4.17
2021-07-26 19:46:53 INFO Shibboleth.AttributeExtractor.XML : creating mapping for Attribute urn:oid:2.5.4.8
2021-07-26 19:46:53 INFO Shibboleth.AttributeExtractor.XML : creating mapping for Attribute urn:oid:2.5.4.7
2021-07-26 19:46:53 INFO Shibboleth.AttributeExtractor.XML : creating mapping for Attribute urn:oid:2.5.4.10
2021-07-26 19:46:53 INFO Shibboleth.AttributeExtractor.XML : creating mapping for Attribute urn:oid:2.5.4.11
2021-07-26 19:46:53 INFO Shibboleth.AttributeExtractor.XML : creating mapping for Attribute urn:oid:2.5.4.15
2021-07-26 19:46:53 INFO Shibboleth.AttributeExtractor.XML : creating mapping for Attribute urn:oid:2.5.4.19
2021-07-26 19:46:53 INFO Shibboleth.AttributeExtractor.XML : creating mapping for Attribute urn:mace:dir:attribute-def:cn
2021-07-26 19:46:53 INFO Shibboleth.AttributeExtractor.XML : creating mapping for Attribute urn:mace:dir:attribute-def:sn
2021-07-26 19:46:53 INFO Shibboleth.AttributeExtractor.XML : creating mapping for Attribute urn:mace:dir:attribute-def:givenName
2021-07-26 19:46:53 INFO Shibboleth.AttributeExtractor.XML : creating mapping for Attribute urn:mace:dir:attribute-def:displayName
2021-07-26 19:46:53 INFO Shibboleth.AttributeExtractor.XML : creating mapping for Attribute urn:mace:dir:attribute-def:uid
2021-07-26 19:46:53 INFO Shibboleth.AttributeExtractor.XML : creating mapping for Attribute urn:mace:dir:attribute-def:mail
2021-07-26 19:46:53 INFO Shibboleth.AttributeExtractor.XML : creating mapping for Attribute urn:mace:dir:attribute-def:telephoneNumber
2021-07-26 19:46:53 INFO Shibboleth.AttributeExtractor.XML : creating mapping for Attribute urn:mace:dir:attribute-def:title
2021-07-26 19:46:53 INFO Shibboleth.AttributeExtractor.XML : creating mapping for Attribute urn:mace:dir:attribute-def:initials
2021-07-26 19:46:53 INFO Shibboleth.AttributeExtractor.XML : creating mapping for Attribute urn:mace:dir:attribute-def:description
2021-07-26 19:46:53 INFO Shibboleth.AttributeExtractor.XML : creating mapping for Attribute urn:mace:dir:attribute-def:carLicense
2021-07-26 19:46:53 INFO Shibboleth.AttributeExtractor.XML : creating mapping for Attribute urn:mace:dir:attribute-def:departmentNumber
2021-07-26 19:46:53 INFO Shibboleth.AttributeExtractor.XML : creating mapping for Attribute urn:mace:dir:attribute-def:employeeNumber
2021-07-26 19:46:53 INFO Shibboleth.AttributeExtractor.XML : creating mapping for Attribute urn:mace:dir:attribute-def:employeeType
2021-07-26 19:46:53 INFO Shibboleth.AttributeExtractor.XML : creating mapping for Attribute urn:mace:dir:attribute-def:preferredLanguage
2021-07-26 19:46:53 INFO Shibboleth.AttributeExtractor.XML : creating mapping for Attribute urn:mace:dir:attribute-def:manager
2021-07-26 19:46:53 INFO Shibboleth.AttributeExtractor.XML : creating mapping for Attribute urn:mace:dir:attribute-def:seeAlso
2021-07-26 19:46:53 INFO Shibboleth.AttributeExtractor.XML : creating mapping for Attribute urn:mace:dir:attribute-def:facsimileTelephoneNumber
2021-07-26 19:46:53 INFO Shibboleth.AttributeExtractor.XML : creating mapping for Attribute urn:mace:dir:attribute-def:street
2021-07-26 19:46:53 INFO Shibboleth.AttributeExtractor.XML : creating mapping for Attribute urn:mace:dir:attribute-def:postOfficeBox
2021-07-26 19:46:53 INFO Shibboleth.AttributeExtractor.XML : creating mapping for Attribute urn:mace:dir:attribute-def:postalCode
2021-07-26 19:46:53 INFO Shibboleth.AttributeExtractor.XML : creating mapping for Attribute urn:mace:dir:attribute-def:st
2021-07-26 19:46:53 INFO Shibboleth.AttributeExtractor.XML : creating mapping for Attribute urn:mace:dir:attribute-def:l
2021-07-26 19:46:53 INFO Shibboleth.AttributeExtractor.XML : creating mapping for Attribute urn:mace:dir:attribute-def:o
2021-07-26 19:46:53 INFO Shibboleth.AttributeExtractor.XML : creating mapping for Attribute urn:mace:dir:attribute-def:ou
2021-07-26 19:46:53 INFO Shibboleth.AttributeExtractor.XML : creating mapping for Attribute urn:mace:dir:attribute-def:businessCategory
2021-07-26 19:46:53 INFO Shibboleth.AttributeExtractor.XML : creating mapping for Attribute urn:mace:dir:attribute-def:physicalDeliveryOfficeName
2021-07-26 19:46:53 INFO Shibboleth.Application : building AttributeFilter of type XML...
2021-07-26 19:46:53 INFO Shibboleth.AttributeFilter : loaded XML resource (/etc/shibboleth/attribute-policy.xml)
2021-07-26 19:46:53 INFO Shibboleth.Application : multiple CredentialResolver plugins, wrapping in a chain
2021-07-26 19:46:53 INFO Shibboleth.Application : building CredentialResolver of type Chaining...
2021-07-26 19:46:53 INFO XMLTooling.CredentialResolver.Chaining : building CredentialResolver of type File
2021-07-26 19:46:53 INFO XMLTooling.SecurityHelper : loading private key from file (/etc/shibboleth/sp-key.pem)
2021-07-26 19:46:53 INFO XMLTooling.SecurityHelper : loading certificate(s) from file (/etc/shibboleth/sp-cert.pem)
2021-07-26 19:46:53 INFO XMLTooling.CredentialResolver.Chaining : building CredentialResolver of type File
2021-07-26 19:46:53 INFO XMLTooling.SecurityHelper : loading private key from file (/etc/shibboleth/sp-key.pem)
2021-07-26 19:46:53 INFO XMLTooling.SecurityHelper : loading certificate(s) from file (/etc/shibboleth/sp-cert.pem)
2021-07-26 19:46:53 INFO Shibboleth.Listener : listener service starting
2021-07-26 20:01:53 INFO XMLTooling.StorageService : purged 1 expired record(s) from storage
